TN:
SF:src/context.ts
FN:5,(anonymous_0)
FN:8,(anonymous_1)
FN:14,(anonymous_2)
FN:19,(anonymous_3)
FNF:4
FNH:4
FNDA:5,(anonymous_0)
FNDA:7,(anonymous_1)
FNDA:6,(anonymous_2)
FNDA:1,(anonymous_3)
DA:6,5
DA:11,7
DA:15,6
DA:16,6
DA:20,1
LF:5
LH:5
BRF:0
BRH:0
end_of_record
TN:
SF:src/hash.ts
FN:8,hashKey
FN:9,(anonymous_1)
FN:13,(anonymous_2)
FN:27,hashString
FN:35,(anonymous_4)
FN:40,hasObjectPrototype
FN:45,isPlainObject
FN:72,isPlainArray
FNF:8
FNH:8
FNDA:5,hashKey
FNDA:24,(anonymous_1)
FNDA:9,(anonymous_2)
FNDA:5,hashString
FNDA:160,(anonymous_4)
FNDA:40,hasObjectPrototype
FNDA:31,isPlainObject
FNDA:3,isPlainArray
DA:9,5
DA:10,24
DA:17,9
DA:18,9
DA:32,5
DA:33,5
DA:34,5
DA:35,160
DA:37,5
DA:41,40
DA:46,31
DA:47,21
DA:51,10
DA:52,10
DA:53,1
DA:57,9
DA:58,9
DA:59,0
DA:64,9
DA:65,2
DA:69,7
DA:73,3
LF:22
LH:21
BRDA:10,0,0,5
BRDA:10,0,1,19
BRDA:46,1,0,21
BRDA:46,1,1,10
BRDA:52,2,0,1
BRDA:52,2,1,9
BRDA:58,3,0,0
BRDA:58,3,1,9
BRDA:64,4,0,2
BRDA:64,4,1,7
BRDA:73,5,0,3
BRDA:73,5,1,1
BRF:12
BRH:11
end_of_record
