TN:
SF:../cache-common/dist/index.js
FN:1,(anonymous_0)
FN:2,(anonymous_1)
FN:3,(anonymous_2)
FN:10,(anonymous_3)
FN:17,(anonymous_4)
FN:24,(anonymous_5)
FN:27,(anonymous_6)
FN:30,(anonymous_7)
FN:31,(anonymous_8)
FN:36,(anonymous_9)
FN:42,hashKey
FN:45,(anonymous_11)
FN:45,(anonymous_12)
FN:51,hashString
FN:52,(anonymous_14)
FN:56,(anonymous_15)
FN:60,hasObjectPrototype
FN:63,isPlainObject
FN:80,isPlainArray
FN:94,(anonymous_19)
FNF:20
FNH:15
FNDA:13,(anonymous_0)
FNDA:13,(anonymous_1)
FNDA:13,(anonymous_2)
FNDA:0,(anonymous_3)
FNDA:26,(anonymous_4)
FNDA:36,(anonymous_5)
FNDA:25,(anonymous_6)
FNDA:0,(anonymous_7)
FNDA:0,(anonymous_8)
FNDA:0,(anonymous_9)
FNDA:85,hashKey
FNDA:290,(anonymous_11)
FNDA:37,(anonymous_12)
FNDA:13,hashString
FNDA:13,(anonymous_14)
FNDA:416,(anonymous_15)
FNDA:318,hasObjectPrototype
FNDA:290,isPlainObject
FNDA:0,isPlainArray
FNDA:4,(anonymous_19)
DA:1,4
DA:2,13
DA:3,13
DA:4,13
DA:5,13
DA:7,0
DA:10,13
DA:11,0
DA:12,0
DA:14,0
DA:17,26
DA:18,13
DA:23,4
DA:25,36
DA:28,25
DA:31,0
DA:32,0
DA:33,0
DA:37,0
DA:43,85
DA:45,290
DA:46,37
DA:47,37
DA:52,13
DA:53,13
DA:54,13
DA:55,13
DA:56,416
DA:57,13
DA:61,318
DA:64,290
DA:65,262
DA:67,28
DA:68,28
DA:69,0
DA:71,28
DA:72,28
DA:73,0
DA:75,28
DA:76,0
DA:78,28
DA:81,0
DA:85,4
DA:94,4
DA:95,4
DA:96,4
DA:97,4
DA:98,4
DA:99,4
DA:100,4
DA:101,4
DA:102,4
DA:103,4
LF:53
LH:41
BRDA:17,0,0,13
BRDA:17,0,1,13
BRDA:45,1,0,28
BRDA:45,1,1,262
BRDA:64,2,0,262
BRDA:64,2,1,28
BRDA:68,3,0,0
BRDA:68,3,1,28
BRDA:72,4,0,0
BRDA:72,4,1,28
BRDA:75,5,0,0
BRDA:75,5,1,28
BRDA:81,6,0,0
BRDA:81,6,1,0
BRDA:104,7,0,4
BRDA:104,7,1,4
BRF:16
BRH:11
end_of_record
TN:
SF:src/cache.ts
FN:46,(anonymous_0)
FN:60,getStores
FN:62,(anonymous_2)
FN:83,cacheQuery
FN:139,(anonymous_4)
FN:157,(anonymous_5)
FN:181,(anonymous_6)
FN:191,(anonymous_7)
FN:225,dispose
FN:227,(anonymous_9)
FN:230,(anonymous_10)
FN:234,(anonymous_11)
FN:237,(anonymous_12)
FN:249,(anonymous_13)
FN:257,createCachedFunction
FN:265,getCachePrefix
FN:274,cachedFunction
FN:282,(anonymous_17)
FN:288,(anonymous_18)
FN:296,(anonymous_19)
FN:312,(anonymous_20)
FNF:21
FNH:21
FNDA:37,(anonymous_0)
FNDA:67,getStores
FNDA:29,(anonymous_2)
FNDA:48,cacheQuery
FNDA:23,(anonymous_4)
FNDA:7,(anonymous_5)
FNDA:4,(anonymous_6)
FNDA:4,(anonymous_7)
FNDA:3,dispose
FNDA:3,(anonymous_9)
FNDA:7,(anonymous_10)
FNDA:8,(anonymous_11)
FNDA:5,(anonymous_12)
FNDA:6,(anonymous_13)
FNDA:12,createCachedFunction
FNDA:40,getCachePrefix
FNDA:27,cachedFunction
FNDA:16,(anonymous_17)
FNDA:4,(anonymous_18)
FNDA:3,(anonymous_19)
FNDA:1,(anonymous_20)
DA:43,2
DA:44,2
DA:46,2
DA:54,37
DA:56,37
DA:58,37
DA:61,67
DA:62,29
DA:63,29
DA:64,29
DA:65,0
DA:66,0
DA:67,0
DA:69,0
DA:77,29
DA:80,67
DA:92,48
DA:93,48
DA:94,48
DA:96,48
DA:102,48
DA:104,48
DA:105,49
DA:107,49
DA:108,22
DA:110,22
DA:111,15
DA:112,15
DA:117,48
DA:118,15
DA:122,33
DA:123,7
DA:124,7
DA:128,26
DA:129,26
DA:130,26
DA:131,2
DA:134,24
DA:135,24
DA:136,24
DA:138,22
DA:140,23
DA:149,22
DA:151,22
DA:153,26
DA:157,37
DA:166,7
DA:167,7
DA:168,7
DA:169,2
DA:172,5
DA:173,5
DA:174,5
DA:176,4
DA:179,4
DA:182,4
DA:186,4
DA:188,4
DA:191,4
DA:192,4
DA:193,0
DA:210,4
DA:212,1
DA:219,1
DA:221,7
DA:226,3
DA:227,3
DA:230,37
DA:231,7
DA:232,7
DA:234,8
DA:237,37
DA:246,5
DA:247,5
DA:248,5
DA:250,6
DA:261,12
DA:266,40
DA:267,13
DA:268,13
DA:269,13
DA:271,40
DA:280,27
DA:281,27
DA:282,16
DA:288,12
DA:289,4
DA:291,4
DA:294,12
DA:296,12
DA:297,3
DA:298,3
DA:301,12
DA:304,37
DA:314,1
LF:95
LH:90
BRDA:46,0,0,37
BRDA:47,1,0,37
BRDA:49,2,0,37
BRDA:50,3,0,37
BRDA:51,4,0,37
BRDA:54,5,0,37
BRDA:54,5,1,36
BRDA:61,6,0,29
BRDA:61,6,1,38
BRDA:63,7,0,29
BRDA:63,7,1,0
BRDA:65,8,0,0
BRDA:65,8,1,0
BRDA:98,9,0,48
BRDA:98,9,1,44
BRDA:99,10,0,48
BRDA:99,10,1,48
BRDA:107,11,0,22
BRDA:107,11,1,27
BRDA:108,12,0,22
BRDA:108,12,1,0
BRDA:110,13,0,15
BRDA:110,13,1,7
BRDA:117,14,0,15
BRDA:117,14,1,33
BRDA:122,15,0,7
BRDA:122,15,1,26
BRDA:130,16,0,2
BRDA:130,16,1,24
BRDA:160,17,0,7
BRDA:168,18,0,2
BRDA:168,18,1,5
BRDA:192,19,0,0
BRDA:192,19,1,4
BRDA:250,20,0,6
BRDA:250,20,1,6
BRDA:262,21,0,12
BRDA:262,21,1,12
BRDA:266,22,0,13
BRDA:266,22,1,27
BRF:40
BRH:35
end_of_record
TN:
SF:src/error/base-error.ts
FN:11,(anonymous_0)
FN:21,(anonymous_1)
FNF:2
FNH:2
FNDA:6,(anonymous_0)
FNDA:3,(anonymous_1)
DA:16,6
DA:17,6
DA:18,6
DA:22,3
LF:4
LH:4
BRF:0
BRH:0
end_of_record
TN:
SF:src/error/cache-error.ts
FN:9,(anonymous_0)
FNF:1
FNH:1
FNDA:6,(anonymous_0)
DA:4,6
DA:5,6
DA:10,6
DA:11,6
DA:12,6
LF:5
LH:5
BRF:0
BRH:0
end_of_record
TN:
SF:src/middleware/encryption.ts
FN:11,(anonymous_0)
FN:15,createEncryptedStore
FN:40,lazyInitialize
FN:78,(anonymous_3)
FN:85,(anonymous_4)
FN:97,(anonymous_5)
FN:108,(anonymous_6)
FN:117,encrypt
FN:136,decrypt
FN:141,(anonymous_9)
FN:142,(anonymous_10)
FNF:11
FNH:11
FNDA:12,(anonymous_0)
FNDA:11,createEncryptedStore
FNDA:28,lazyInitialize
FNDA:28,(anonymous_3)
FNDA:14,(anonymous_4)
FNDA:13,(anonymous_5)
FNDA:1,(anonymous_6)
FNDA:13,encrypt
FNDA:10,decrypt
FNDA:120,(anonymous_9)
FNDA:367,(anonymous_10)
DA:8,1
DA:12,12
DA:29,11
DA:35,11
DA:36,1
DA:41,28
DA:42,19
DA:45,9
DA:47,9
DA:55,9
DA:57,9
DA:70,9
DA:73,9
DA:75,9
DA:78,28
DA:80,9
DA:83,10
DA:86,14
DA:88,14
DA:89,14
DA:91,10
DA:95,10
DA:98,13
DA:102,13
DA:106,0
DA:109,1
DA:111,1
DA:121,13
DA:122,13
DA:123,13
DA:124,13
DA:129,13
DA:141,120
DA:142,10
DA:143,367
DA:145,10
DA:151,10
DA:152,10
DA:153,10
LF:39
LH:38
BRDA:19,0,0,11
BRDA:35,1,0,1
BRDA:35,1,1,10
BRDA:41,2,0,19
BRDA:41,2,1,9
BRDA:89,3,0,4
BRDA:89,3,1,10
BRDA:102,4,0,13
BRDA:102,4,1,0
BRF:9
BRH:8
end_of_record
TN:
SF:src/middleware/metrics.ts
FN:38,createMetricsStore
FN:53,(anonymous_1)
FN:59,(anonymous_2)
FN:90,(anonymous_3)
FN:103,(anonymous_4)
FN:116,(anonymous_5)
FN:120,(anonymous_6)
FNF:7
FNH:7
FNDA:10,createMetricsStore
FNDA:10,(anonymous_1)
FNDA:4,(anonymous_2)
FNDA:1,(anonymous_3)
FNDA:1,(anonymous_4)
FNDA:2,(anonymous_5)
FNDA:1,(anonymous_6)
DA:45,10
DA:54,10
DA:55,10
DA:56,10
DA:60,4
DA:63,4
DA:64,4
DA:65,3
DA:67,1
DA:68,1
DA:76,1
DA:79,3
DA:87,3
DA:91,1
DA:92,1
DA:93,1
DA:95,1
DA:104,1
DA:105,1
DA:106,1
DA:108,1
DA:117,2
DA:121,1
LF:23
LH:23
BRDA:39,0,0,10
BRF:1
BRH:1
end_of_record
TN:
SF:src/stores/index.ts
FNF:0
FNH:0
LF:0
LH:0
BRF:0
BRH:0
end_of_record
TN:
SF:src/stores/ttl.ts
FN:4,createTTLStore
FN:20,(anonymous_1)
FN:23,(anonymous_2)
FN:26,(anonymous_3)
FN:30,(anonymous_4)
FN:37,(anonymous_5)
FN:40,(anonymous_6)
FN:43,(anonymous_7)
FNF:8
FNH:7
FNDA:63,createTTLStore
FNDA:70,(anonymous_1)
FNDA:101,(anonymous_2)
FNDA:10,(anonymous_3)
FNDA:2,(anonymous_4)
FNDA:28,(anonymous_5)
FNDA:1,(anonymous_6)
FNDA:0,(anonymous_7)
DA:12,63
DA:18,63
DA:21,70
DA:24,101
DA:27,10
DA:31,2
DA:32,1
DA:35,1
DA:38,28
DA:41,1
DA:44,0
LF:11
LH:10
BRDA:12,0,0,63
BRDA:12,0,1,63
BRDA:20,1,0,70
BRDA:31,2,0,1
BRDA:31,2,1,1
BRF:5
BRH:5
end_of_record
